Reading pref.tcl

# 2020.2

# vsim -c tb_SimplifiedMIPSProcessor -do "modelsim_framework2.do" 
# Start time: 17:07:14 on Nov 11,2020
# ** Note: (vsim-3812) Design is being optimized...
# //  ModelSim SE-64 2020.2 Apr 19 2020
# //
# //  Copyright 1991-2020 Mentor Graphics Corporation
# //  All Rights Reserved.
# //
# //  ModelSim SE-64 and its associated documentation contain trade
# //  secrets and commercial or financial information that are the property of
# //  Mentor Graphics Corporation and are privileged, confidential,
# //  and exempt from disclosure under the Freedom of Information Act,
# //  5 U.S.C. Section 552. Furthermore, this information
# //  is prohibited from disclosure under the Trade Secrets Act,
# //  18 U.S.C. Section 1905.
# //
# Loading std.standard
# Loading std.textio(body)
# Loading ieee.std_logic_1164(body)
# Loading ieee.std_logic_textio(body)
# Loading std.env(body)
# Loading work.tb_simplifiedmipsprocessor(mixed)#1
# Loading ieee.numeric_std(body)
# Loading work.vectorarray
# Loading work.mips_processor(structure)#1
# Loading work.nmux(structural)#1
# Loading work.reg_nbit(structure)#1
# Loading work.add_sub(structure)#1
# Loading work.barrel_shift(structure)#1
# Loading work.shift1(dataflow)#1
# Loading work.instruction_decoder(structure)#1
# Loading work.nmux(structural)#4
# Loading work.alu1bit(structural)#1
# Loading work.full_adder_struct_nbit(structure)#2
# Loading work.add_sub(structure)#2
# Loading work.mux8to1(structural)#1
# do modelsim_framework2.do
# ** Warning: NUMERIC_STD.TO_INTEGER: metavalue detected, returning 0
#    Time: 0 ns  Iteration: 0  Instance: /tb_simplifiedmipsprocessor/MySimplifiedMIPSProcess/sInst/muxOut
# ** Warning: NUMERIC_STD.TO_INTEGER: metavalue detected, returning 0
#    Time: 0 ns  Iteration: 0  Instance: /tb_simplifiedmipsprocessor/MySimplifiedMIPSProcess/rFile/end_mux2
# ** Warning: NUMERIC_STD.TO_INTEGER: metavalue detected, returning 0
#    Time: 0 ns  Iteration: 0  Instance: /tb_simplifiedmipsprocessor/MySimplifiedMIPSProcess/rFile/end_mux1
# ** Warning: NUMERIC_STD.TO_INTEGER: metavalue detected, returning 0
#    Time: 0 ns  Iteration: 0  Instance: /tb_simplifiedmipsprocessor/MySimplifiedMIPSProcess/DMem
# ** Warning: NUMERIC_STD.TO_INTEGER: metavalue detected, returning 0
#    Time: 0 ns  Iteration: 0  Instance: /tb_simplifiedmipsprocessor/MySimplifiedMIPSProcess/IMem
# ** Warning: NUMERIC_STD.TO_INTEGER: metavalue detected, returning 0
#    Time: 0 ns  Iteration: 1  Instance: /tb_simplifiedmipsprocessor/MySimplifiedMIPSProcess/sInst/muxOut
# ** Warning: NUMERIC_STD.TO_INTEGER: metavalue detected, returning 0
#    Time: 0 ns  Iteration: 2  Instance: /tb_simplifiedmipsprocessor/MySimplifiedMIPSProcess/sInst/muxOut
# ** Warning: NUMERIC_STD.TO_INTEGER: metavalue detected, returning 0
#    Time: 0 ns  Iteration: 3  Instance: /tb_simplifiedmipsprocessor/MySimplifiedMIPSProcess/sInst/muxOut
# ** Warning: NUMERIC_STD.TO_INTEGER: metavalue detected, returning 0
#    Time: 0 ns  Iteration: 4  Instance: /tb_simplifiedmipsprocessor/MySimplifiedMIPSProcess/sInst/muxOut
# ** Warning: NUMERIC_STD.TO_INTEGER: metavalue detected, returning 0
#    Time: 560 ns  Iteration: 10  Instance: /tb_simplifiedmipsprocessor/MySimplifiedMIPSProcess/sInst/muxOut
# ** Warning: NUMERIC_STD.TO_INTEGER: metavalue detected, returning 0
#    Time: 560 ns  Iteration: 11  Instance: /tb_simplifiedmipsprocessor/MySimplifiedMIPSProcess/sInst/muxOut
# ** Warning: NUMERIC_STD.TO_INTEGER: metavalue detected, returning 0
#    Time: 560 ns  Iteration: 14  Instance: /tb_simplifiedmipsprocessor/MySimplifiedMIPSProcess/sInst/muxOut
# ** Warning: NUMERIC_STD.TO_INTEGER: metavalue detected, returning 0
#    Time: 560 ns  Iteration: 15  Instance: /tb_simplifiedmipsprocessor/MySimplifiedMIPSProcess/sInst/muxOut
# ** Warning: NUMERIC_STD.TO_INTEGER: metavalue detected, returning 0
#    Time: 560 ns  Iteration: 16  Instance: /tb_simplifiedmipsprocessor/MySimplifiedMIPSProcess/sInst/muxOut
# ** Warning: NUMERIC_STD.TO_INTEGER: metavalue detected, returning 0
#    Time: 560 ns  Iteration: 17  Instance: /tb_simplifiedmipsprocessor/MySimplifiedMIPSProcess/sInst/muxOut
# ** Warning: NUMERIC_STD.TO_INTEGER: metavalue detected, returning 0
#    Time: 560 ns  Iteration: 18  Instance: /tb_simplifiedmipsprocessor/MySimplifiedMIPSProcess/sInst/muxOut
# ** Warning: NUMERIC_STD.TO_INTEGER: metavalue detected, returning 0
#    Time: 560 ns  Iteration: 19  Instance: /tb_simplifiedmipsprocessor/MySimplifiedMIPSProcess/sInst/muxOut
# ** Warning: NUMERIC_STD.TO_INTEGER: metavalue detected, returning 0
#    Time: 580 ns  Iteration: 10  Instance: /tb_simplifiedmipsprocessor/MySimplifiedMIPSProcess/sInst/muxOut
# ** Warning: NUMERIC_STD.TO_INTEGER: metavalue detected, returning 0
#    Time: 580 ns  Iteration: 15  Instance: /tb_simplifiedmipsprocessor/MySimplifiedMIPSProcess/DMem
# ** Warning: NUMERIC_STD.TO_INTEGER: metavalue detected, returning 0
#    Time: 580 ns  Iteration: 17  Instance: /tb_simplifiedmipsprocessor/MySimplifiedMIPSProcess/DMem
# ** Warning: NUMERIC_STD.TO_INTEGER: metavalue detected, returning 0
#    Time: 580 ns  Iteration: 23  Instance: /tb_simplifiedmipsprocessor/MySimplifiedMIPSProcess/DMem
# ** Warning: NUMERIC_STD.TO_INTEGER: metavalue detected, returning 0
#    Time: 580 ns  Iteration: 28  Instance: /tb_simplifiedmipsprocessor/MySimplifiedMIPSProcess/DMem
# ** Warning: NUMERIC_STD.TO_INTEGER: metavalue detected, returning 0
#    Time: 580 ns  Iteration: 30  Instance: /tb_simplifiedmipsprocessor/MySimplifiedMIPSProcess/DMem
# ** Warning: NUMERIC_STD.TO_INTEGER: metavalue detected, returning 0
#    Time: 580 ns  Iteration: 33  Instance: /tb_simplifiedmipsprocessor/MySimplifiedMIPSProcess/DMem
# ** Warning: NUMERIC_STD.TO_INTEGER: metavalue detected, returning 0
#    Time: 580 ns  Iteration: 35  Instance: /tb_simplifiedmipsprocessor/MySimplifiedMIPSProcess/DMem
# ** Warning: NUMERIC_STD.TO_INTEGER: metavalue detected, returning 0
#    Time: 580 ns  Iteration: 38  Instance: /tb_simplifiedmipsprocessor/MySimplifiedMIPSProcess/DMem
# ** Warning: NUMERIC_STD.TO_INTEGER: metavalue detected, returning 0
#    Time: 580 ns  Iteration: 40  Instance: /tb_simplifiedmipsprocessor/MySimplifiedMIPSProcess/DMem
# ** Warning: NUMERIC_STD.TO_INTEGER: metavalue detected, returning 0
#    Time: 580 ns  Iteration: 43  Instance: /tb_simplifiedmipsprocessor/MySimplifiedMIPSProcess/DMem
# ** Warning: NUMERIC_STD.TO_INTEGER: metavalue detected, returning 0
#    Time: 580 ns  Iteration: 45  Instance: /tb_simplifiedmipsprocessor/MySimplifiedMIPSProcess/DMem
# ** Warning: NUMERIC_STD.TO_INTEGER: metavalue detected, returning 0
#    Time: 580 ns  Iteration: 48  Instance: /tb_simplifiedmipsprocessor/MySimplifiedMIPSProcess/DMem
# ** Warning: NUMERIC_STD.TO_INTEGER: metavalue detected, returning 0
#    Time: 580 ns  Iteration: 50  Instance: /tb_simplifiedmipsprocessor/MySimplifiedMIPSProcess/DMem
# ** Warning: NUMERIC_STD.TO_INTEGER: metavalue detected, returning 0
#    Time: 580 ns  Iteration: 55  Instance: /tb_simplifiedmipsprocessor/MySimplifiedMIPSProcess/DMem
# ** Warning: NUMERIC_STD.TO_INTEGER: metavalue detected, returning 0
#    Time: 580 ns  Iteration: 60  Instance: /tb_simplifiedmipsprocessor/MySimplifiedMIPSProcess/DMem
# ** Warning: NUMERIC_STD.TO_INTEGER: metavalue detected, returning 0
#    Time: 580 ns  Iteration: 65  Instance: /tb_simplifiedmipsprocessor/MySimplifiedMIPSProcess/DMem
# ** Warning: NUMERIC_STD.TO_INTEGER: metavalue detected, returning 0
#    Time: 580 ns  Iteration: 70  Instance: /tb_simplifiedmipsprocessor/MySimplifiedMIPSProcess/DMem
# ** Warning: NUMERIC_STD.TO_INTEGER: metavalue detected, returning 0
#    Time: 700 ns  Iteration: 10  Instance: /tb_simplifiedmipsprocessor/MySimplifiedMIPSProcess/sInst/muxOut
# ** Warning: NUMERIC_STD.TO_INTEGER: metavalue detected, returning 0
#    Time: 700 ns  Iteration: 11  Instance: /tb_simplifiedmipsprocessor/MySimplifiedMIPSProcess/sInst/muxOut
# ** Warning: NUMERIC_STD.TO_INTEGER: metavalue detected, returning 0
#    Time: 700 ns  Iteration: 14  Instance: /tb_simplifiedmipsprocessor/MySimplifiedMIPSProcess/sInst/muxOut
# ** Warning: NUMERIC_STD.TO_INTEGER: metavalue detected, returning 0
#    Time: 700 ns  Iteration: 15  Instance: /tb_simplifiedmipsprocessor/MySimplifiedMIPSProcess/sInst/muxOut
# ** Warning: NUMERIC_STD.TO_INTEGER: metavalue detected, returning 0
#    Time: 700 ns  Iteration: 16  Instance: /tb_simplifiedmipsprocessor/MySimplifiedMIPSProcess/sInst/muxOut
# ** Warning: NUMERIC_STD.TO_INTEGER: metavalue detected, returning 0
#    Time: 700 ns  Iteration: 17  Instance: /tb_simplifiedmipsprocessor/MySimplifiedMIPSProcess/sInst/muxOut
# ** Warning: NUMERIC_STD.TO_INTEGER: metavalue detected, returning 0
#    Time: 700 ns  Iteration: 18  Instance: /tb_simplifiedmipsprocessor/MySimplifiedMIPSProcess/sInst/muxOut
# ** Warning: NUMERIC_STD.TO_INTEGER: metavalue detected, returning 0
#    Time: 700 ns  Iteration: 18  Instance: /tb_simplifiedmipsprocessor/MySimplifiedMIPSProcess/DMem
# ** Warning: NUMERIC_STD.TO_INTEGER: metavalue detected, returning 0
#    Time: 700 ns  Iteration: 19  Instance: /tb_simplifiedmipsprocessor/MySimplifiedMIPSProcess/sInst/muxOut
# ** Warning: NUMERIC_STD.TO_INTEGER: metavalue detected, returning 0
#    Time: 700 ns  Iteration: 19  Instance: /tb_simplifiedmipsprocessor/MySimplifiedMIPSProcess/DMem
# ** Warning: NUMERIC_STD.TO_INTEGER: metavalue detected, returning 0
#    Time: 700 ns  Iteration: 20  Instance: /tb_simplifiedmipsprocessor/MySimplifiedMIPSProcess/sInst/muxOut
# ** Warning: NUMERIC_STD.TO_INTEGER: metavalue detected, returning 0
#    Time: 700 ns  Iteration: 21  Instance: /tb_simplifiedmipsprocessor/MySimplifiedMIPSProcess/sInst/muxOut
# ** Warning: NUMERIC_STD.TO_INTEGER: metavalue detected, returning 0
#    Time: 700 ns  Iteration: 22  Instance: /tb_simplifiedmipsprocessor/MySimplifiedMIPSProcess/sInst/muxOut
# ** Warning: NUMERIC_STD.TO_INTEGER: metavalue detected, returning 0
#    Time: 700 ns  Iteration: 23  Instance: /tb_simplifiedmipsprocessor/MySimplifiedMIPSProcess/sInst/muxOut
# ** Warning: NUMERIC_STD.TO_INTEGER: metavalue detected, returning 0
#    Time: 700 ns  Iteration: 24  Instance: /tb_simplifiedmipsprocessor/MySimplifiedMIPSProcess/sInst/muxOut
# ** Warning: NUMERIC_STD.TO_INTEGER: metavalue detected, returning 0
#    Time: 700 ns  Iteration: 25  Instance: /tb_simplifiedmipsprocessor/MySimplifiedMIPSProcess/sInst/muxOut
# ** Warning: NUMERIC_STD.TO_INTEGER: metavalue detected, returning 0
#    Time: 700 ns  Iteration: 26  Instance: /tb_simplifiedmipsprocessor/MySimplifiedMIPSProcess/sInst/muxOut
# ** Warning: NUMERIC_STD.TO_INTEGER: metavalue detected, returning 0
#    Time: 700 ns  Iteration: 27  Instance: /tb_simplifiedmipsprocessor/MySimplifiedMIPSProcess/sInst/muxOut
# ** Warning: NUMERIC_STD.TO_INTEGER: metavalue detected, returning 0
#    Time: 700 ns  Iteration: 28  Instance: /tb_simplifiedmipsprocessor/MySimplifiedMIPSProcess/sInst/muxOut
# ** Warning: NUMERIC_STD.TO_INTEGER: metavalue detected, returning 0
#    Time: 700 ns  Iteration: 29  Instance: /tb_simplifiedmipsprocessor/MySimplifiedMIPSProcess/sInst/muxOut
# ** Warning: NUMERIC_STD.TO_INTEGER: metavalue detected, returning 0
#    Time: 700 ns  Iteration: 30  Instance: /tb_simplifiedmipsprocessor/MySimplifiedMIPSProcess/sInst/muxOut
# ** Warning: NUMERIC_STD.TO_INTEGER: metavalue detected, returning 0
#    Time: 700 ns  Iteration: 31  Instance: /tb_simplifiedmipsprocessor/MySimplifiedMIPSProcess/sInst/muxOut
# ** Warning: NUMERIC_STD.TO_INTEGER: metavalue detected, returning 0
#    Time: 700 ns  Iteration: 32  Instance: /tb_simplifiedmipsprocessor/MySimplifiedMIPSProcess/sInst/muxOut
# ** Warning: NUMERIC_STD.TO_INTEGER: metavalue detected, returning 0
#    Time: 700 ns  Iteration: 33  Instance: /tb_simplifiedmipsprocessor/MySimplifiedMIPSProcess/sInst/muxOut
# ** Warning: NUMERIC_STD.TO_INTEGER: metavalue detected, returning 0
#    Time: 700 ns  Iteration: 34  Instance: /tb_simplifiedmipsprocessor/MySimplifiedMIPSProcess/sInst/muxOut
# ** Warning: NUMERIC_STD.TO_INTEGER: metavalue detected, returning 0
#    Time: 700 ns  Iteration: 35  Instance: /tb_simplifiedmipsprocessor/MySimplifiedMIPSProcess/sInst/muxOut
# ** Warning: NUMERIC_STD.TO_INTEGER: metavalue detected, returning 0
#    Time: 700 ns  Iteration: 36  Instance: /tb_simplifiedmipsprocessor/MySimplifiedMIPSProcess/sInst/muxOut
# ** Warning: NUMERIC_STD.TO_INTEGER: metavalue detected, returning 0
#    Time: 700 ns  Iteration: 37  Instance: /tb_simplifiedmipsprocessor/MySimplifiedMIPSProcess/sInst/muxOut
# ** Warning: NUMERIC_STD.TO_INTEGER: metavalue detected, returning 0
#    Time: 700 ns  Iteration: 38  Instance: /tb_simplifiedmipsprocessor/MySimplifiedMIPSProcess/sInst/muxOut
# ** Warning: NUMERIC_STD.TO_INTEGER: metavalue detected, returning 0
#    Time: 700 ns  Iteration: 39  Instance: /tb_simplifiedmipsprocessor/MySimplifiedMIPSProcess/sInst/muxOut
# ** Warning: NUMERIC_STD.TO_INTEGER: metavalue detected, returning 0
#    Time: 700 ns  Iteration: 40  Instance: /tb_simplifiedmipsprocessor/MySimplifiedMIPSProcess/sInst/muxOut
# ** Warning: NUMERIC_STD.TO_INTEGER: metavalue detected, returning 0
#    Time: 700 ns  Iteration: 41  Instance: /tb_simplifiedmipsprocessor/MySimplifiedMIPSProcess/sInst/muxOut
# ** Warning: NUMERIC_STD.TO_INTEGER: metavalue detected, returning 0
#    Time: 700 ns  Iteration: 42  Instance: /tb_simplifiedmipsprocessor/MySimplifiedMIPSProcess/sInst/muxOut
# ** Warning: NUMERIC_STD.TO_INTEGER: metavalue detected, returning 0
#    Time: 700 ns  Iteration: 43  Instance: /tb_simplifiedmipsprocessor/MySimplifiedMIPSProcess/sInst/muxOut
# ** Warning: NUMERIC_STD.TO_INTEGER: metavalue detected, returning 0
#    Time: 700 ns  Iteration: 44  Instance: /tb_simplifiedmipsprocessor/MySimplifiedMIPSProcess/sInst/muxOut
# ** Warning: NUMERIC_STD.TO_INTEGER: metavalue detected, returning 0
#    Time: 700 ns  Iteration: 45  Instance: /tb_simplifiedmipsprocessor/MySimplifiedMIPSProcess/sInst/muxOut
# ** Warning: NUMERIC_STD.TO_INTEGER: metavalue detected, returning 0
#    Time: 700 ns  Iteration: 46  Instance: /tb_simplifiedmipsprocessor/MySimplifiedMIPSProcess/sInst/muxOut
# ** Warning: NUMERIC_STD.TO_INTEGER: metavalue detected, returning 0
#    Time: 720 ns  Iteration: 11  Instance: /tb_simplifiedmipsprocessor/MySimplifiedMIPSProcess/sInst/muxOut
# ** Warning: NUMERIC_STD.TO_INTEGER: metavalue detected, returning 0
#    Time: 720 ns  Iteration: 14  Instance: /tb_simplifiedmipsprocessor/MySimplifiedMIPSProcess/DMem
# ** Warning: NUMERIC_STD.TO_INTEGER: metavalue detected, returning 0
#    Time: 720 ns  Iteration: 15  Instance: /tb_simplifiedmipsprocessor/MySimplifiedMIPSProcess/sInst/muxOut
# ** Warning: NUMERIC_STD.TO_INTEGER: metavalue detected, returning 0
#    Time: 720 ns  Iteration: 16  Instance: /tb_simplifiedmipsprocessor/MySimplifiedMIPSProcess/sInst/muxOut
# ** Warning: NUMERIC_STD.TO_INTEGER: metavalue detected, returning 0
#    Time: 720 ns  Iteration: 17  Instance: /tb_simplifiedmipsprocessor/MySimplifiedMIPSProcess/sInst/muxOut
# ** Warning: NUMERIC_STD.TO_INTEGER: metavalue detected, returning 0
#    Time: 720 ns  Iteration: 18  Instance: /tb_simplifiedmipsprocessor/MySimplifiedMIPSProcess/sInst/muxOut
# ** Warning: NUMERIC_STD.TO_INTEGER: metavalue detected, returning 0
#    Time: 720 ns  Iteration: 19  Instance: /tb_simplifiedmipsprocessor/MySimplifiedMIPSProcess/sInst/muxOut
# ** Warning: NUMERIC_STD.TO_INTEGER: metavalue detected, returning 0
#    Time: 720 ns  Iteration: 20  Instance: /tb_simplifiedmipsprocessor/MySimplifiedMIPSProcess/sInst/muxOut
# ** Warning: NUMERIC_STD.TO_INTEGER: metavalue detected, returning 0
#    Time: 720 ns  Iteration: 20  Instance: /tb_simplifiedmipsprocessor/MySimplifiedMIPSProcess/DMem
# ** Warning: NUMERIC_STD.TO_INTEGER: metavalue detected, returning 0
#    Time: 720 ns  Iteration: 22  Instance: /tb_simplifiedmipsprocessor/MySimplifiedMIPSProcess/DMem
# ** Warning: NUMERIC_STD.TO_INTEGER: metavalue detected, returning 0
#    Time: 720 ns  Iteration: 25  Instance: /tb_simplifiedmipsprocessor/MySimplifiedMIPSProcess/DMem
# ** Warning: NUMERIC_STD.TO_INTEGER: metavalue detected, returning 0
#    Time: 720 ns  Iteration: 27  Instance: /tb_simplifiedmipsprocessor/MySimplifiedMIPSProcess/DMem
# ** Warning: NUMERIC_STD.TO_INTEGER: metavalue detected, returning 0
#    Time: 720 ns  Iteration: 30  Instance: /tb_simplifiedmipsprocessor/MySimplifiedMIPSProcess/DMem
# ** Warning: NUMERIC_STD.TO_INTEGER: metavalue detected, returning 0
#    Time: 720 ns  Iteration: 32  Instance: /tb_simplifiedmipsprocessor/MySimplifiedMIPSProcess/DMem
# ** Warning: NUMERIC_STD.TO_INTEGER: metavalue detected, returning 0
#    Time: 720 ns  Iteration: 35  Instance: /tb_simplifiedmipsprocessor/MySimplifiedMIPSProcess/DMem
# ** Warning: NUMERIC_STD.TO_INTEGER: metavalue detected, returning 0
#    Time: 720 ns  Iteration: 37  Instance: /tb_simplifiedmipsprocessor/MySimplifiedMIPSProcess/DMem
# ** Warning: NUMERIC_STD.TO_INTEGER: metavalue detected, returning 0
#    Time: 720 ns  Iteration: 40  Instance: /tb_simplifiedmipsprocessor/MySimplifiedMIPSProcess/DMem
# ** Warning: NUMERIC_STD.TO_INTEGER: metavalue detected, returning 0
#    Time: 720 ns  Iteration: 42  Instance: /tb_simplifiedmipsprocessor/MySimplifiedMIPSProcess/DMem
# ** Warning: NUMERIC_STD.TO_INTEGER: metavalue detected, returning 0
#    Time: 720 ns  Iteration: 45  Instance: /tb_simplifiedmipsprocessor/MySimplifiedMIPSProcess/DMem
# ** Warning: NUMERIC_STD.TO_INTEGER: metavalue detected, returning 0
#    Time: 720 ns  Iteration: 47  Instance: /tb_simplifiedmipsprocessor/MySimplifiedMIPSProcess/DMem
# ** Warning: NUMERIC_STD.TO_INTEGER: metavalue detected, returning 0
#    Time: 720 ns  Iteration: 50  Instance: /tb_simplifiedmipsprocessor/MySimplifiedMIPSProcess/DMem
# ** Warning: NUMERIC_STD.TO_INTEGER: metavalue detected, returning 0
#    Time: 720 ns  Iteration: 55  Instance: /tb_simplifiedmipsprocessor/MySimplifiedMIPSProcess/DMem
# ** Warning: NUMERIC_STD.TO_INTEGER: metavalue detected, returning 0
#    Time: 740 ns  Iteration: 14  Instance: /tb_simplifiedmipsprocessor/MySimplifiedMIPSProcess/DMem
# ** Warning: NUMERIC_STD.TO_INTEGER: metavalue detected, returning 0
#    Time: 740 ns  Iteration: 18  Instance: /tb_simplifiedmipsprocessor/MySimplifiedMIPSProcess/DMem
# ** Warning: NUMERIC_STD.TO_INTEGER: metavalue detected, returning 0
#    Time: 740 ns  Iteration: 24  Instance: /tb_simplifiedmipsprocessor/MySimplifiedMIPSProcess/DMem
# ** Warning: NUMERIC_STD.TO_INTEGER: metavalue detected, returning 0
#    Time: 740 ns  Iteration: 30  Instance: /tb_simplifiedmipsprocessor/MySimplifiedMIPSProcess/DMem
# ** Note: Data structure takes 41527064 bytes of memory
#          Process time 0.23 seconds
#          stop
#    Time: 780 ns  Iteration: 1  Instance: /tb_simplifiedmipsprocessor
# Break in Process P_DUMP_STATE at U:/CPRE381/cisbell_mgh_381/Proj-B/cpre381-toolflow-release/ModelSimWork/src/tb_SimplifiedMIPSProcessor.vhd line 140
# Stopped at U:/CPRE381/cisbell_mgh_381/Proj-B/cpre381-toolflow-release/ModelSimWork/src/tb_SimplifiedMIPSProcessor.vhd line 140
# End time: 17:07:21 on Nov 11,2020, Elapsed time: 0:00:07
# Errors: 0, Warnings: 98
