[inst #1] addi $1,$0,1
Register Write to Reg: 0x01 Val: 0x00000001
[inst #2] addi $2,$0,2
Register Write to Reg: 0x02 Val: 0x00000002
[inst #3] add $3,$1,$2
Register Write to Reg: 0x03 Val: 0x00000003
[inst #4] addiu $4,$3,2
Register Write to Reg: 0x04 Val: 0x00000005
[inst #5] and $5,$3,$4
Register Write to Reg: 0x05 Val: 0x00000001
[inst #6] andi $6,$3,1
Register Write to Reg: 0x06 Val: 0x00000001
[inst #7] lui $7,210
Register Write to Reg: 0x07 Val: 0x00D20000
[inst #8] lui $1,-1
Register Write to Reg: 0x01 Val: 0xFFFF0000
[inst #9] ori $1,$1,0
Register Write to Reg: 0x01 Val: 0xFFFF0000
[inst #10] add $20,$0,$1
Register Write to Reg: 0x14 Val: 0xFFFF0000
[inst #11] sw $7,0($20)
Memory Write to Addr: 0xFFFF0000 Val: 0x00D20000
[inst #12] lw $8,0($20)
Register Write to Reg: 0x08 Val: 0x00D20000
[inst #13] or $9,$5,$6
Register Write to Reg: 0x09 Val: 0x00000001
[inst #14] nor $10,$5,$6
Register Write to Reg: 0x0A Val: 0xFFFFFFFE
[inst #15] ori $11,$5,8
Register Write to Reg: 0x0B Val: 0x00000009
[inst #16] xor $12,$5,$6
Register Write to Reg: 0x0C Val: 0x00000000
[inst #17] xori $13,$5,8
Register Write to Reg: 0x0D Val: 0x00000009
[inst #18] beq $9,$10,7
[inst #19] bne $9,$10,8
[inst #20] addi $3,$0,4
Register Write to Reg: 0x03 Val: 0x00000004
[inst #21] addi $4,$0,4
Register Write to Reg: 0x04 Val: 0x00000004
[inst #22] beq $3,$4,-11
[inst #23] addi $1,$0,1
Register Write to Reg: 0x01 Val: 0x00000001
[inst #24] addi $2,$0,2
Register Write to Reg: 0x02 Val: 0x00000002
[inst #25] slt $14,$2,$1
Register Write to Reg: 0x0E Val: 0x00000000
[inst #26] slt $15,$1,$2
Register Write to Reg: 0x0F Val: 0x00000001
[inst #27] slti $16,$1,8
Register Write to Reg: 0x10 Val: 0x00000001
[inst #28] j 4194428
[inst #29] sll $18,$1,1
Register Write to Reg: 0x12 Val: 0x00000002
[inst #30] sllv $19,$2,$1
Register Write to Reg: 0x13 Val: 0x00000004
[inst #31] sra $18,$2,1
Register Write to Reg: 0x12 Val: 0x00000001
[inst #32] srl $19,$2,1
Register Write to Reg: 0x13 Val: 0x00000001
[inst #33] srav $18,$2,$2
Register Write to Reg: 0x12 Val: 0x00000000
[inst #34] srlv $19,$2,$2
Register Write to Reg: 0x13 Val: 0x00000000
[inst #35] jal 4194460
Register Write to Reg: 0x1F Val: 0x00400098
[inst #36] add $3,$8,$8
Register Write to Reg: 0x03 Val: 0x01A40000
[inst #37] add $4,$9,$9
Register Write to Reg: 0x04 Val: 0x00000002
[inst #38] jr $31
[inst #39] j 4194404
[inst #40] addi $2,$0,10
Register Write to Reg: 0x02 Val: 0x0000000A
[inst #41] syscall 

